[debug] [2023-06-16T12:48:37.656Z] ----------------------------------------------------------------------
[debug] [2023-06-16T12:48:37.658Z] Command:       C:\Program Files\nodejs\node.exe C:\Users\Administrator\AppData\Roaming\npm\node_modules\firebase-tools\lib\bin\firebase.js init
[debug] [2023-06-16T12:48:37.659Z] CLI Version:   12.4.0
[debug] [2023-06-16T12:48:37.659Z] Platform:      win32
[debug] [2023-06-16T12:48:37.660Z] Node Version:  v18.16.0
[debug] [2023-06-16T12:48:37.661Z] Time:          Fri Jun 16 2023 13:48:37 GMT+0100 (UTC+01:00)
[debug] [2023-06-16T12:48:37.662Z] ----------------------------------------------------------------------
[debug] 
[debug] [2023-06-16T12:48:37.670Z] > command requires scopes: ["email","openid","https://www.googleapis.com/auth/cloudplatformprojects.readonly","https://www.googleapis.com/auth/firebase","https://www.googleapis.com/auth/cloud-platform"]
[debug] [2023-06-16T12:48:37.671Z] > authorizing via signed-in user (kaisnamsi@gmail.com)
[info] 
     ######## #### ########  ######## ########     ###     ######  ########
     ##        ##  ##     ## ##       ##     ##  ##   ##  ##       ##
     ######    ##  ########  ######   ########  #########  ######  ######
     ##        ##  ##    ##  ##       ##     ## ##     ##       ## ##
     ##       #### ##     ## ######## ########  ##     ##  ######  ########

You're about to initialize a Firebase project in this directory:

  C:\Users\Administrator\Desktop\Home Rentals and Sales

[info] 
=== Project Setup
[info] 
[info] First, let's associate this project directory with a Firebase project.
[info] You can create multiple project aliases by running firebase use --add, 
[info] but for now we'll just set up a default project.
[info] 
[debug] [2023-06-16T12:50:27.755Z] >>> [apiv2][query] GET https://firebase.googleapis.com/v1beta1/projects pageSize=100
[debug] [2023-06-16T12:50:28.562Z] <<< [apiv2][status] GET https://firebase.googleapis.com/v1beta1/projects 200
[debug] [2023-06-16T12:50:28.563Z] <<< [apiv2][body] GET https://firebase.googleapis.com/v1beta1/projects [omitted]
[info] i  Using project home-rental-sale-mern (Home-Rental-Sale-MERN) 
[info] 
=== Hosting Setup
[info] 
[info] Your public directory is the folder (relative to your project directory) that
[info] will contain Hosting assets to be uploaded with firebase deploy. If you
[info] have a build process for your assets, use your build's output directory.
[info] 
[debug] [2023-06-16T12:52:05.176Z] >>> [apiv2][query] GET https://www.gstatic.com/firebasejs/releases.json [none]
[debug] [2023-06-16T12:52:05.481Z] <<< [apiv2][status] GET https://www.gstatic.com/firebasejs/releases.json 200
[debug] [2023-06-16T12:52:05.482Z] <<< [apiv2][body] GET https://www.gstatic.com/firebasejs/releases.json {"current":{"version":"9.22.2","browserURL":"https://www.gstatic.com/firebasejs/9.22.2/firebase.js","packageURL":"https://www.gstatic.com/firebasejs/9.22.2/firebase.tgz"},"live":{"version":"9.22","browserURL":"https://www.gstatic.com/firebasejs/live/9.22/firebase.js","packageURL":"https://www.gstatic.com/firebasejs/live/9.22/firebase.tgz"},"components":{"analytics":"https://www.gstatic.com/firebasejs/9.22.2/firebase-analytics.js","app":"https://www.gstatic.com/firebasejs/9.22.2/firebase-app.js","app-check":"https://www.gstatic.com/firebasejs/9.22.2/firebase-app-check.js","auth":"https://www.gstatic.com/firebasejs/9.22.2/firebase-auth.js","auth/cordova":"https://www.gstatic.com/firebasejs/9.22.2/firebase-auth/cordova.js","auth/react-native":"https://www.gstatic.com/firebasejs/9.22.2/firebase-auth/react-native.js","functions":"https://www.gstatic.com/firebasejs/9.22.2/firebase-functions.js","firestore":"https://www.gstatic.com/firebasejs/9.22.2/firebase-firestore.js","firestore/lite":"https://www.gstatic.com/firebasejs/9.22.2/firebase-firestore/lite.js","installations":"https://www.gstatic.com/firebasejs/9.22.2/firebase-installations.js","storage":"https://www.gstatic.com/firebasejs/9.22.2/firebase-storage.js","performance":"https://www.gstatic.com/firebasejs/9.22.2/firebase-performance.js","remote-config":"https://www.gstatic.com/firebasejs/9.22.2/firebase-remote-config.js","messaging":"https://www.gstatic.com/firebasejs/9.22.2/firebase-messaging.js","messaging/sw":"https://www.gstatic.com/firebasejs/9.22.2/firebase-messaging/sw.js","database":"https://www.gstatic.com/firebasejs/9.22.2/firebase-database.js","firestore.memory":"https://www.gstatic.com/firebasejs/9.22.2/firebase-firestore.memory.js"}}
[info] +  Wrote public/index.html 
[info] 
[info] i  Detected a .git folder at C:\Users\Administrator\Desktop\Home Rentals and Sales 
[info] i  Authorizing with GitHub to upload your service account to a GitHub repository's secrets store. 
[info] 
[info] Visit this URL on this device to log in:
[info] https://github.com/login/oauth/authorize?client_id=89cf50f02ac6aaed3484&state=548763712&redirect_uri=http%3A%2F%2Flocalhost%3A9005&scope=read%3Auser%20repo%20public_repo
[info] 
[info] Waiting for authentication...
[debug] [2023-06-16T12:52:39.308Z] >>> [apiv2][query] POST https://github.com/login/oauth/access_token [none]
[debug] [2023-06-16T12:52:39.309Z] >>> [apiv2][body] POST https://github.com/login/oauth/access_token [stream]
[debug] [2023-06-16T12:52:39.887Z] <<< [apiv2][status] POST https://github.com/login/oauth/access_token 200
[debug] [2023-06-16T12:52:39.887Z] <<< [apiv2][body] POST https://github.com/login/oauth/access_token {"access_token":"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","token_type":"bearer","scope":"read:user,repo"}
[debug] [2023-06-16T12:52:39.899Z] >>> [apiv2][query] GET https://api.github.com/user [none]
[debug] [2023-06-16T12:52:40.416Z] <<< [apiv2][status] GET https://api.github.com/user 200
[debug] [2023-06-16T12:52:40.416Z] <<< [apiv2][body] GET https://api.github.com/user {"login":"Kaisnamsi","id":123966994,"node_id":"U_kgDOB2OWEg","avatar_url":"https://avatars.githubusercontent.com/u/123966994?v=4","gravatar_id":"","url":"https://api.github.com/users/Kaisnamsi","html_url":"https://github.com/Kaisnamsi","followers_url":"https://api.github.com/users/Kaisnamsi/followers","following_url":"https://api.github.com/users/Kaisnamsi/following{/other_user}","gists_url":"https://api.github.com/users/Kaisnamsi/gists{/gist_id}","starred_url":"https://api.github.com/users/Kaisnamsi/starred{/owner}{/repo}","subscriptions_url":"https://api.github.com/users/Kaisnamsi/subscriptions","organizations_url":"https://api.github.com/users/Kaisnamsi/orgs","repos_url":"https://api.github.com/users/Kaisnamsi/repos","events_url":"https://api.github.com/users/Kaisnamsi/events{/privacy}","received_events_url":"https://api.github.com/users/Kaisnamsi/received_events","type":"User","site_admin":false,"name":null,"company":null,"blog":"","location":null,"email":null,"hireable":null,"bio":null,"twitter_username":null,"public_repos":32,"public_gists":0,"followers":0,"following":0,"created_at":"2023-01-30T14:49:46Z","updated_at":"2023-05-16T20:39:19Z","private_gists":0,"total_private_repos":0,"owned_private_repos":0,"disk_usage":21829,"collaborators":0,"two_factor_authentication":false,"plan":{"name":"free","space":976562499,"collaborators":0,"private_repos":10000}}
[info] 
[info] +  Success! Logged into GitHub as Kaisnamsi 
[info] 
[debug] [2023-06-16T12:52:58.465Z] >>> [apiv2][query] GET https://api.github.com/repos//actions/secrets/public-key type=owner
[debug] [2023-06-16T12:52:58.897Z] <<< [apiv2][status] GET https://api.github.com/repos//actions/secrets/public-key 404
[debug] [2023-06-16T12:52:58.897Z] <<< [apiv2][body] GET https://api.github.com/repos//actions/secrets/public-key {"message":"Not Found","documentation_url":"https://docs.github.com/rest"}
[info] 
[info] 
[error] !  The provided authorization cannot be used with this repository. If this repository is in an organization, did you remember to grant access? 
[info] 
[info] i  Action required: Visit this URL to ensure access has been granted to the appropriate organization(s) for the Firebase CLI GitHub OAuth App: 
[info] https://github.com/settings/connections/applications/89cf50f02ac6aaed3484
[info] 
[debug] [2023-06-16T12:53:17.333Z] >>> [apiv2][query] GET https://api.github.com/repos/cls/actions/secrets/public-key type=owner
[debug] [2023-06-16T12:53:17.784Z] <<< [apiv2][status] GET https://api.github.com/repos/cls/actions/secrets/public-key 404
[debug] [2023-06-16T12:53:17.785Z] <<< [apiv2][body] GET https://api.github.com/repos/cls/actions/secrets/public-key {"message":"Not Found","documentation_url":"https://docs.github.com/rest"}
[info] 
[info] 
[error] !  The provided authorization cannot be used with this repository. If this repository is in an organization, did you remember to grant access? 
[info] 
[info] i  Action required: Visit this URL to ensure access has been granted to the appropriate organization(s) for the Firebase CLI GitHub OAuth App: 
[info] https://github.com/settings/connections/applications/89cf50f02ac6aaed3484
[info] 
[debug] [2023-06-16T12:53:24.831Z] >>> [apiv2][query] GET https://api.github.com/repos/clear/actions/secrets/public-key type=owner
[debug] [2023-06-16T12:53:25.221Z] <<< [apiv2][status] GET https://api.github.com/repos/clear/actions/secrets/public-key 404
[debug] [2023-06-16T12:53:25.222Z] <<< [apiv2][body] GET https://api.github.com/repos/clear/actions/secrets/public-key {"message":"Not Found","documentation_url":"https://docs.github.com/rest"}
[info] 
[info] 
[error] !  The provided authorization cannot be used with this repository. If this repository is in an organization, did you remember to grant access? 
[info] 
[info] i  Action required: Visit this URL to ensure access has been granted to the appropriate organization(s) for the Firebase CLI GitHub OAuth App: 
[info] https://github.com/settings/connections/applications/89cf50f02ac6aaed3484
[info] 
[debug] [2023-06-16T12:53:46.344Z] >>> [apiv2][query] GET https://api.github.com/repos/clear/actions/secrets/public-key type=owner
[debug] [2023-06-16T12:53:46.769Z] <<< [apiv2][status] GET https://api.github.com/repos/clear/actions/secrets/public-key 404
[debug] [2023-06-16T12:53:46.769Z] <<< [apiv2][body] GET https://api.github.com/repos/clear/actions/secrets/public-key {"message":"Not Found","documentation_url":"https://docs.github.com/rest"}
[info] 
[info] 
[error] !  The provided authorization cannot be used with this repository. If this repository is in an organization, did you remember to grant access? 
[info] 
[info] i  Action required: Visit this URL to ensure access has been granted to the appropriate organization(s) for the Firebase CLI GitHub OAuth App: 
[info] https://github.com/settings/connections/applications/89cf50f02ac6aaed3484
[info] 
[debug] [2023-06-16T12:54:01.003Z] >>> [apiv2][query] GET https://api.github.com/repos/clearhttps://github.com/settings/connections/applications/0f02ac6aaed3484/actions/secrets/public-key type=owner
[debug] [2023-06-16T12:54:01.523Z] <<< [apiv2][status] GET https://api.github.com/repos/clearhttps://github.com/settings/connections/applications/0f02ac6aaed3484/actions/secrets/public-key 404
[debug] [2023-06-16T12:54:01.524Z] <<< [apiv2][body] GET https://api.github.com/repos/clearhttps://github.com/settings/connections/applications/0f02ac6aaed3484/actions/secrets/public-key {"message":"Not Found","documentation_url":"https://docs.github.com/rest"}
[info] 
[info] 
[error] !  The provided authorization cannot be used with this repository. If this repository is in an organization, did you remember to grant access? 
[info] 
[info] i  Action required: Visit this URL to ensure access has been granted to the appropriate organization(s) for the Firebase CLI GitHub OAuth App: 
[info] https://github.com/settings/connections/applications/89cf50f02ac6aaed3484
[info] 
